<?xml version="1.0" encoding="UTF-8"?>
<testng-results skipped="0" failed="0" ignored="0" total="1" passed="1">
  <reporter-output>
  </reporter-output>
  <suite name="Default suite" duration-ms="5741" started-at="2022-06-20T07:16:11Z" finished-at="2022-06-20T07:16:16Z">
    <groups>
    </groups>
    <test name="Default test" duration-ms="5741" started-at="2022-06-20T07:16:11Z" finished-at="2022-06-20T07:16:16Z">
      <class name="RestApi.ValidatingAllValueInJasonNode">
        <test-method status="PASS" signature="ValidateAllValueInJason()[pri:0, instance:RestApi.ValidatingAllValueInJasonNode@68c4039c]" name="ValidateAllValueInJason" duration-ms="5683" started-at="2022-06-20T07:16:11Z" finished-at="2022-06-20T07:16:16Z">
          <reporter-output>
          </reporter-output>
        </test-method> <!-- ValidateAllValueInJason -->
      </class> <!-- RestApi.ValidatingAllValueInJasonNode -->
    </test> <!-- Default test -->
  </suite> <!-- Default suite -->
</testng-results>
